2022-03-15 09:21:57:2157 
       [31merror[39m: [31merror updating the project with id 622f97f1b7e0827575b3415c[39m 
  
       instance: services 

       fn:undefined 

       trace: the user cannot delete this proyect
2022-03-15 09:21:57:2157 
       [31merror[39m: [31mError editing the project projects[39m 
  
       instance: controllers 

       fn:undefined 

       trace: error updating the project with id 622f97f1b7e0827575b3415c
2022-03-15 09:22:10:2210 
       [31merror[39m: [31merror updating the project with id 622f97f1b7e0827575b3415c[39m 
  
       instance: services 

       fn:undefined 

       trace: the user cannot delete this proyect
2022-03-15 09:22:10:2210 
       [31merror[39m: [31mError editing the project projects[39m 
  
       instance: controllers 

       fn:undefined 

       trace: error updating the project with id 622f97f1b7e0827575b3415c
2022-03-15 09:24:19:2419 
       [31merror[39m: [31merror updating the project with id 622f97f1b7e0827575b3415c[39m 
  
       instance: services 

       fn:undefined 

       trace: the user cannot delete this proyect
2022-03-15 09:24:19:2419 
       [31merror[39m: [31mError editing the project projects[39m 
  
       instance: controllers 

       fn:undefined 

       trace: error updating the project with id 622f97f1b7e0827575b3415c
2022-03-15 09:24:28:2428 
       [31merror[39m: [31merror updating the project with id 622f97f1b7e0827575b3415c[39m 
  
       instance: services 

       fn:undefined 

       trace: the user cannot delete this proyect
2022-03-15 09:24:28:2428 
       [31merror[39m: [31mError editing the project projects[39m 
  
       instance: controllers 

       fn:undefined 

       trace: error updating the project with id 622f97f1b7e0827575b3415c
2022-03-15 09:24:29:2429 
       [31merror[39m: [31merror updating the project with id 622f97f1b7e0827575b3415c[39m 
  
       instance: services 

       fn:undefined 

       trace: the user cannot delete this proyect
2022-03-15 09:24:29:2429 
       [31merror[39m: [31mError editing the project projects[39m 
  
       instance: controllers 

       fn:undefined 

       trace: error updating the project with id 622f97f1b7e0827575b3415c
2022-03-15 12:53:41:5341 
       [31merror[39m: [31merror updating the project with id 622f97f1b7e0827575b3415c[39m 
  
       instance: services 

       fn:undefined 

       trace: the user cannot delete this proyect
2022-03-15 12:53:41:5341 
       [31merror[39m: [31mError editing the project projects[39m 
  
       instance: controllers 

       fn:undefined 

       trace: error updating the project with id 622f97f1b7e0827575b3415c
2022-03-15 12:53:43:5343 
       [31merror[39m: [31merror updating the project with id 622f97f1b7e0827575b3415c[39m 
  
       instance: services 

       fn:undefined 

       trace: the user cannot delete this proyect
2022-03-15 12:53:43:5343 
       [31merror[39m: [31mError editing the project projects[39m 
  
       instance: controllers 

       fn:undefined 

       trace: error updating the project with id 622f97f1b7e0827575b3415c
2022-03-15 12:53:43:5343 
       [31merror[39m: [31merror updating the project with id 622f97f1b7e0827575b3415c[39m 
  
       instance: services 

       fn:undefined 

       trace: the user cannot delete this proyect
2022-03-15 12:53:43:5343 
       [31merror[39m: [31mError editing the project projects[39m 
  
       instance: controllers 

       fn:undefined 

       trace: error updating the project with id 622f97f1b7e0827575b3415c
2022-03-15 12:54:21:5421 
       [31merror[39m: [31merror updating the project with id 622f97f1b7e0827575b3415c[39m 
  
       instance: services 

       fn:undefined 

       trace: the user cannot delete this proyect
2022-03-15 12:54:21:5421 
       [31merror[39m: [31mError editing the project projects[39m 
  
       instance: controllers 

       fn:undefined 

       trace: error updating the project with id 622f97f1b7e0827575b3415c
2022-03-15 12:54:27:5427 
       [31merror[39m: [31merror updating the project with id 622f97f1b7e0827575b3415c[39m 
  
       instance: services 

       fn:undefined 

       trace: the user cannot delete this proyect
2022-03-15 12:54:27:5427 
       [31merror[39m: [31mError editing the project projects[39m 
  
       instance: controllers 

       fn:undefined 

       trace: error updating the project with id 622f97f1b7e0827575b3415c
2022-03-15 13:29:10:2910 
       [31merror[39m: [31merror updating the project with id 622f97f1b7e0827575b3415c[39m 
  
       instance: services 

       fn:undefined 

       trace: the user cannot delete this proyect
2022-03-15 13:29:10:2910 
       [31merror[39m: [31mError editing the project projects[39m 
  
       instance: controllers 

       fn:undefined 

       trace: error updating the project with id 622f97f1b7e0827575b3415c
2022-03-15 13:29:12:2912 
       [31merror[39m: [31merror updating the project with id 622f97f1b7e0827575b3415c[39m 
  
       instance: services 

       fn:undefined 

       trace: the user cannot delete this proyect
2022-03-15 13:29:12:2912 
       [31merror[39m: [31mError editing the project projects[39m 
  
       instance: controllers 

       fn:undefined 

       trace: error updating the project with id 622f97f1b7e0827575b3415c
2022-03-15 13:29:50:2950 
       [31merror[39m: [31merror updating the project with id 622f97f1b7e0827575b3415c[39m 
  
       instance: services 

       fn:undefined 

       trace: the user cannot delete this proyect
2022-03-15 13:29:50:2950 
       [31merror[39m: [31mError editing the project projects[39m 
  
       instance: controllers 

       fn:undefined 

       trace: error updating the project with id 622f97f1b7e0827575b3415c
2022-03-15 13:55:19:5519 
       [31merror[39m: [31merror updating the project with id 622f97f1b7e0827575b3415c[39m 
  
       instance: services 

       fn:undefined 

       trace: the user cannot delete this proyect
2022-03-15 13:55:19:5519 
       [31merror[39m: [31mError editing the project projects[39m 
  
       instance: controllers 

       fn:undefined 

       trace: error updating the project with id 622f97f1b7e0827575b3415c
2022-03-15 13:55:45:5545 
       [31merror[39m: [31merror updating the project with id 622f97f1b7e0827575b3415c[39m 
  
       instance: services 

       fn:undefined 

       trace: the user cannot delete this proyect
2022-03-15 13:55:45:5545 
       [31merror[39m: [31mError editing the project projects[39m 
  
       instance: controllers 

       fn:undefined 

       trace: error updating the project with id 622f97f1b7e0827575b3415c
2022-03-15 13:55:46:5546 
       [31merror[39m: [31merror updating the project with id 622f97f1b7e0827575b3415c[39m 
  
       instance: services 

       fn:undefined 

       trace: the user cannot delete this proyect
2022-03-15 13:55:46:5546 
       [31merror[39m: [31mError editing the project projects[39m 
  
       instance: controllers 

       fn:undefined 

       trace: error updating the project with id 622f97f1b7e0827575b3415c
2022-03-15 13:55:47:5547 
       [31merror[39m: [31merror updating the project with id 622f97f1b7e0827575b3415c[39m 
  
       instance: services 

       fn:undefined 

       trace: the user cannot delete this proyect
2022-03-15 13:55:47:5547 
       [31merror[39m: [31mError editing the project projects[39m 
  
       instance: controllers 

       fn:undefined 

       trace: error updating the project with id 622f97f1b7e0827575b3415c
2022-03-15 13:55:48:5548 
       [31merror[39m: [31merror updating the project with id 622f97f1b7e0827575b3415c[39m 
  
       instance: services 

       fn:undefined 

       trace: the user cannot delete this proyect
2022-03-15 13:55:48:5548 
       [31merror[39m: [31mError editing the project projects[39m 
  
       instance: controllers 

       fn:undefined 

       trace: error updating the project with id 622f97f1b7e0827575b3415c
2022-03-15 13:55:48:5548 
       [31merror[39m: [31merror updating the project with id 622f97f1b7e0827575b3415c[39m 
  
       instance: services 

       fn:undefined 

       trace: the user cannot delete this proyect
2022-03-15 13:55:48:5548 
       [31merror[39m: [31mError editing the project projects[39m 
  
       instance: controllers 

       fn:undefined 

       trace: error updating the project with id 622f97f1b7e0827575b3415c
2022-03-15 13:55:48:5548 
       [31merror[39m: [31merror updating the project with id 622f97f1b7e0827575b3415c[39m 
  
       instance: services 

       fn:undefined 

       trace: the user cannot delete this proyect
2022-03-15 13:55:48:5548 
       [31merror[39m: [31mError editing the project projects[39m 
  
       instance: controllers 

       fn:undefined 

       trace: error updating the project with id 622f97f1b7e0827575b3415c
2022-03-15 13:55:48:5548 
       [31merror[39m: [31merror updating the project with id 622f97f1b7e0827575b3415c[39m 
  
       instance: services 

       fn:undefined 

       trace: the user cannot delete this proyect
2022-03-15 13:55:48:5548 
       [31merror[39m: [31mError editing the project projects[39m 
  
       instance: controllers 

       fn:undefined 

       trace: error updating the project with id 622f97f1b7e0827575b3415c
2022-03-15 13:55:49:5549 
       [31merror[39m: [31merror updating the project with id 622f97f1b7e0827575b3415c[39m 
  
       instance: services 

       fn:undefined 

       trace: the user cannot delete this proyect
2022-03-15 13:55:49:5549 
       [31merror[39m: [31mError editing the project projects[39m 
  
       instance: controllers 

       fn:undefined 

       trace: error updating the project with id 622f97f1b7e0827575b3415c
2022-03-15 13:55:49:5549 
       [31merror[39m: [31merror updating the project with id 622f97f1b7e0827575b3415c[39m 
  
       instance: services 

       fn:undefined 

       trace: the user cannot delete this proyect
2022-03-15 13:55:49:5549 
       [31merror[39m: [31mError editing the project projects[39m 
  
       instance: controllers 

       fn:undefined 

       trace: error updating the project with id 622f97f1b7e0827575b3415c
2022-03-15 13:55:49:5549 
       [31merror[39m: [31merror updating the project with id 622f97f1b7e0827575b3415c[39m 
  
       instance: services 

       fn:undefined 

       trace: the user cannot delete this proyect
2022-03-15 13:55:49:5549 
       [31merror[39m: [31mError editing the project projects[39m 
  
       instance: controllers 

       fn:undefined 

       trace: error updating the project with id 622f97f1b7e0827575b3415c
2022-03-15 13:55:50:5550 
       [31merror[39m: [31merror updating the project with id 622f97f1b7e0827575b3415c[39m 
  
       instance: services 

       fn:undefined 

       trace: the user cannot delete this proyect
2022-03-15 13:55:50:5550 
       [31merror[39m: [31mError editing the project projects[39m 
  
       instance: controllers 

       fn:undefined 

       trace: error updating the project with id 622f97f1b7e0827575b3415c
2022-03-15 13:55:51:5551 
       [31merror[39m: [31merror updating the project with id 622f97f1b7e0827575b3415c[39m 
  
       instance: services 

       fn:undefined 

       trace: the user cannot delete this proyect
2022-03-15 13:55:51:5551 
       [31merror[39m: [31mError editing the project projects[39m 
  
       instance: controllers 

       fn:undefined 

       trace: error updating the project with id 622f97f1b7e0827575b3415c
2022-03-15 13:55:51:5551 
       [31merror[39m: [31merror updating the project with id 622f97f1b7e0827575b3415c[39m 
  
       instance: services 

       fn:undefined 

       trace: the user cannot delete this proyect
2022-03-15 13:55:51:5551 
       [31merror[39m: [31mError editing the project projects[39m 
  
       instance: controllers 

       fn:undefined 

       trace: error updating the project with id 622f97f1b7e0827575b3415c
2022-03-15 13:55:52:5552 
       [31merror[39m: [31merror updating the project with id 622f97f1b7e0827575b3415c[39m 
  
       instance: services 

       fn:undefined 

       trace: the user cannot delete this proyect
2022-03-15 13:55:52:5552 
       [31merror[39m: [31mError editing the project projects[39m 
  
       instance: controllers 

       fn:undefined 

       trace: error updating the project with id 622f97f1b7e0827575b3415c
2022-03-15 13:56:06:566 
       [31merror[39m: [31merror updating the project with id 622f97f1b7e0827575b3415c[39m 
  
       instance: services 

       fn:undefined 

       trace: the user cannot delete this proyect
2022-03-15 13:56:06:566 
       [31merror[39m: [31mError editing the project projects[39m 
  
       instance: controllers 

       fn:undefined 

       trace: error updating the project with id 622f97f1b7e0827575b3415c
2022-03-15 13:56:07:567 
       [31merror[39m: [31merror updating the project with id 622f97f1b7e0827575b3415c[39m 
  
       instance: services 

       fn:undefined 

       trace: the user cannot delete this proyect
2022-03-15 13:56:07:567 
       [31merror[39m: [31mError editing the project projects[39m 
  
       instance: controllers 

       fn:undefined 

       trace: error updating the project with id 622f97f1b7e0827575b3415c
2022-03-15 13:56:08:568 
       [31merror[39m: [31merror updating the project with id 622f97f1b7e0827575b3415c[39m 
  
       instance: services 

       fn:undefined 

       trace: the user cannot delete this proyect
2022-03-15 13:56:08:568 
       [31merror[39m: [31mError editing the project projects[39m 
  
       instance: controllers 

       fn:undefined 

       trace: error updating the project with id 622f97f1b7e0827575b3415c
2022-03-15 13:56:09:569 
       [31merror[39m: [31merror updating the project with id 622f97f1b7e0827575b3415c[39m 
  
       instance: services 

       fn:undefined 

       trace: the user cannot delete this proyect
2022-03-15 13:56:09:569 
       [31merror[39m: [31mError editing the project projects[39m 
  
       instance: controllers 

       fn:undefined 

       trace: error updating the project with id 622f97f1b7e0827575b3415c
2022-03-15 13:56:10:5610 
       [31merror[39m: [31merror updating the project with id 622f97f1b7e0827575b3415c[39m 
  
       instance: services 

       fn:undefined 

       trace: the user cannot delete this proyect
2022-03-15 13:56:10:5610 
       [31merror[39m: [31mError editing the project projects[39m 
  
       instance: controllers 

       fn:undefined 

       trace: error updating the project with id 622f97f1b7e0827575b3415c
2022-03-15 13:56:10:5610 
       [31merror[39m: [31merror updating the project with id 622f97f1b7e0827575b3415c[39m 
  
       instance: services 

       fn:undefined 

       trace: the user cannot delete this proyect
2022-03-15 13:56:10:5610 
       [31merror[39m: [31mError editing the project projects[39m 
  
       instance: controllers 

       fn:undefined 

       trace: error updating the project with id 622f97f1b7e0827575b3415c
2022-03-15 13:56:12:5612 
       [31merror[39m: [31merror updating the project with id 622f97f1b7e0827575b3415c[39m 
  
       instance: services 

       fn:undefined 

       trace: the user cannot delete this proyect
2022-03-15 13:56:12:5612 
       [31merror[39m: [31mError editing the project projects[39m 
  
       instance: controllers 

       fn:undefined 

       trace: error updating the project with id 622f97f1b7e0827575b3415c
2022-03-15 13:56:43:5643 
       [31merror[39m: [31merror updating the project with id 622f97f1b7e0827575b3415c[39m 
  
       instance: services 

       fn:undefined 

       trace: the user cannot delete this proyect
2022-03-15 13:56:43:5643 
       [31merror[39m: [31mError editing the project projects[39m 
  
       instance: controllers 

       fn:undefined 

       trace: error updating the project with id 622f97f1b7e0827575b3415c
2022-03-15 13:58:06:586 
       [31merror[39m: [31merror updating the project with id 622f97f1b7e0827575b3415c[39m 
  
       instance: services 

       fn:undefined 

       trace: the user cannot delete this proyect
2022-03-15 13:58:06:586 
       [31merror[39m: [31mError editing the project projects[39m 
  
       instance: controllers 

       fn:undefined 

       trace: error updating the project with id 622f97f1b7e0827575b3415c
2022-03-15 13:58:07:587 
       [31merror[39m: [31merror updating the project with id 622f97f1b7e0827575b3415c[39m 
  
       instance: services 

       fn:undefined 

       trace: the user cannot delete this proyect
2022-03-15 13:58:07:587 
       [31merror[39m: [31mError editing the project projects[39m 
  
       instance: controllers 

       fn:undefined 

       trace: error updating the project with id 622f97f1b7e0827575b3415c
2022-03-15 13:58:51:5851 
       [31merror[39m: [31merror updating the project with id 622f97f1b7e0827575b3415c[39m 
  
       instance: services 

       fn:undefined 

       trace: the user cannot delete this proyect
2022-03-15 13:58:51:5851 
       [31merror[39m: [31mError editing the project projects[39m 
  
       instance: controllers 

       fn:undefined 

       trace: error updating the project with id 622f97f1b7e0827575b3415c
2022-03-15 13:58:53:5853 
       [31merror[39m: [31merror updating the project with id 622f97f1b7e0827575b3415c[39m 
  
       instance: services 

       fn:undefined 

       trace: the user cannot delete this proyect
2022-03-15 13:58:53:5853 
       [31merror[39m: [31mError editing the project projects[39m 
  
       instance: controllers 

       fn:undefined 

       trace: error updating the project with id 622f97f1b7e0827575b3415c
2022-03-15 13:59:07:597 
       [31merror[39m: [31merror updating the project with id 622f97f1b7e0827575b3415c[39m 
  
       instance: services 

       fn:undefined 

       trace: the user cannot delete this proyect
2022-03-15 13:59:07:597 
       [31merror[39m: [31mError editing the project projects[39m 
  
       instance: controllers 

       fn:undefined 

       trace: error updating the project with id 622f97f1b7e0827575b3415c
2022-03-15 14:01:55:155 
       [31merror[39m: [31merror updating the project with id 622f97f1b7e0827575b3415c[39m 
  
       instance: services 

       fn:undefined 

       trace: the user cannot delete this proyect
2022-03-15 14:01:55:155 
       [31merror[39m: [31mError editing the project projects[39m 
  
       instance: controllers 

       fn:undefined 

       trace: error updating the project with id 622f97f1b7e0827575b3415c
2022-03-15 17:17:34:1734 
       [31merror[39m: [31merror deleting project with id [39m 
  
       instance: services 

       fn:undefined 

       trace: Cast to ObjectId failed for value "" (type string) at path "owner" for model "Project"
2022-03-15 17:17:34:1734 
       [31merror[39m: [31merror deleting project with id 123[39m 
  
       instance: services 

       fn:undefined 

       trace: Cast to ObjectId failed for value "" (type string) at path "owner" for model "Project"
2022-03-15 17:17:44:1744 
       [31merror[39m: [31merror deleting project with id 62110223136fa11f93eace83[39m 
  
       instance: services 

       fn:undefined 

       trace: Operation `projects.findOne()` buffering timed out after 10000ms
2022-03-15 17:17:49:1749 
       [31merror[39m: [31merror deleting project with id 62110223136fa11f93eace83[39m 
  
       instance: services 

       fn:undefined 

       trace: Operation `projects.findOne()` buffering timed out after 10000ms
2022-03-15 17:36:06:366 
       [31merror[39m: [31merror deleting project with id [39m 
  
       instance: services 

       fn:undefined 

       trace: Cast to ObjectId failed for value "" (type string) at path "owner" for model "Project"
2022-03-15 17:36:06:366 
       [31merror[39m: [31merror deleting project with id 123[39m 
  
       instance: services 

       fn:undefined 

       trace: Cast to ObjectId failed for value "" (type string) at path "owner" for model "Project"
2022-03-15 17:36:16:3616 
       [31merror[39m: [31merror deleting project with id 62110223136fa11f93eace83[39m 
  
       instance: services 

       fn:undefined 

       trace: Operation `projects.findOne()` buffering timed out after 10000ms
2022-03-15 17:36:21:3621 
       [31merror[39m: [31merror deleting project with id 62110223136fa11f93eace83[39m 
  
       instance: services 

       fn:undefined 

       trace: Operation `projects.findOne()` buffering timed out after 10000ms
2022-03-15 17:52:05:525 
       [31merror[39m: [31merror deleting project with id [39m 
  
       instance: services 

       fn:undefined 

       trace: Cast to ObjectId failed for value "" (type string) at path "owner" for model "Project"
2022-03-15 17:52:05:525 
       [31merror[39m: [31merror deleting project with id 123[39m 
  
       instance: services 

       fn:undefined 

       trace: Cast to ObjectId failed for value "" (type string) at path "owner" for model "Project"
2022-03-15 17:52:15:5215 
       [31merror[39m: [31merror deleting project with id 62110223136fa11f93eace83[39m 
  
       instance: services 

       fn:undefined 

       trace: Operation `projects.findOne()` buffering timed out after 10000ms
2022-03-15 17:52:20:5220 
       [31merror[39m: [31merror deleting project with id 62110223136fa11f93eace83[39m 
  
       instance: services 

       fn:undefined 

       trace: Operation `projects.findOne()` buffering timed out after 10000ms
2022-03-17 09:02:29:229 
       [31merror[39m: [31merror deleting project with id [39m 
  
       instance: services 

       fn:undefined 

       trace: Cast to ObjectId failed for value "" (type string) at path "owner" for model "Project"
2022-03-17 09:02:29:229 
       [31merror[39m: [31merror deleting project with id 123[39m 
  
       instance: services 

       fn:undefined 

       trace: Cast to ObjectId failed for value "" (type string) at path "owner" for model "Project"
2022-03-17 09:02:39:239 
       [31merror[39m: [31merror deleting project with id 62110223136fa11f93eace83[39m 
  
       instance: services 

       fn:undefined 

       trace: Operation `projects.findOne()` buffering timed out after 10000ms
2022-03-17 09:02:44:244 
       [31merror[39m: [31merror deleting project with id 62110223136fa11f93eace83[39m 
  
       instance: services 

       fn:undefined 

       trace: Operation `projects.findOne()` buffering timed out after 10000ms
2022-03-31 12:05:21:521 
       [31merror[39m: [31merror updating the project with id 622f97f1b7e0827575b3415c[39m 
  
       instance: services 

       fn:undefined 

       trace: the user cannot delete this proyect
2022-03-31 12:05:21:521 
       [31merror[39m: [31mError editing the project projects[39m 
  
       instance: controllers 

       fn:undefined 

       trace: error updating the project with id 622f97f1b7e0827575b3415c
2022-03-31 12:05:56:556 
       [31merror[39m: [31merror updating the project with id 622f97f1b7e0827575b3415c[39m 
  
       instance: services 

       fn:undefined 

       trace: the user cannot delete this proyect
2022-03-31 12:05:57:557 
       [31merror[39m: [31mError editing the project projects[39m 
  
       instance: controllers 

       fn:undefined 

       trace: error updating the project with id 622f97f1b7e0827575b3415c
2022-03-31 12:06:05:65 
       [31merror[39m: [31merror updating the project with id 622f97f1b7e0827575b3415c[39m 
  
       instance: services 

       fn:undefined 

       trace: the user cannot delete this proyect
2022-03-31 12:06:05:65 
       [31merror[39m: [31mError editing the project projects[39m 
  
       instance: controllers 

       fn:undefined 

       trace: error updating the project with id 622f97f1b7e0827575b3415c
2022-04-19 23:15:21:1521 
       [31merror[39m: [31merror updating the project with id 622f97f1b7e0827575b3415c[39m 
  
       instance: services 

       fn:undefined 

       trace: the user cannot delete this proyect
2022-04-19 23:15:21:1521 
       [31merror[39m: [31mError editing the project projects[39m 
  
       instance: controllers 

       fn:undefined 

       trace: error updating the project with id 622f97f1b7e0827575b3415c
2022-04-19 23:15:26:1526 
       [31merror[39m: [31merror updating the project with id 622f97f1b7e0827575b3415c[39m 
  
       instance: services 

       fn:undefined 

       trace: the user cannot delete this proyect
2022-04-19 23:15:26:1526 
       [31merror[39m: [31mError editing the project projects[39m 
  
       instance: controllers 

       fn:undefined 

       trace: error updating the project with id 622f97f1b7e0827575b3415c
2022-04-19 23:15:43:1543 
       [31merror[39m: [31merror updating the project with id 622f97f1b7e0827575b3415c[39m 
  
       instance: services 

       fn:undefined 

       trace: the user cannot delete this proyect
2022-04-19 23:15:43:1543 
       [31merror[39m: [31mError editing the project projects[39m 
  
       instance: controllers 

       fn:undefined 

       trace: error updating the project with id 622f97f1b7e0827575b3415c
2022-04-19 23:16:23:1623 
       [31merror[39m: [31merror updating the project with id 622f97f1b7e0827575b3415c[39m 
  
       instance: services 

       fn:undefined 

       trace: the user cannot delete this proyect
2022-04-19 23:16:23:1623 
       [31merror[39m: [31mError editing the project projects[39m 
  
       instance: controllers 

       fn:undefined 

       trace: error updating the project with id 622f97f1b7e0827575b3415c
2022-04-19 23:16:38:1638 
       [31merror[39m: [31merror updating the project with id 622f97f1b7e0827575b3415c[39m 
  
       instance: services 

       fn:undefined 

       trace: the user cannot delete this proyect
2022-04-19 23:16:38:1638 
       [31merror[39m: [31mError editing the project projects[39m 
  
       instance: controllers 

       fn:undefined 

       trace: error updating the project with id 622f97f1b7e0827575b3415c
2022-04-19 23:23:34:2334 
       [31merror[39m: [31merror updating the project with id 622f97f1b7e0827575b3415c[39m 
  
       instance: services 

       fn:undefined 

       trace: the user cannot delete this proyect
2022-04-19 23:23:34:2334 
       [31merror[39m: [31mError editing the project projects[39m 
  
       instance: controllers 

       fn:undefined 

       trace: error updating the project with id 622f97f1b7e0827575b3415c
2022-04-21 15:17:21:1721 
       [31merror[39m: [31mError creating user account[39m 
  
       instance: services 

       fn:undefined 

       trace: error creating user with email reynaldo.quispe.27@unsch.edu.pe
